<?xml version="1.0" encoding="UTF-8"?>
<testng-results ignored="0" total="1" passed="1" failed="0" skipped="0">
  <reporter-output>
  </reporter-output>
  <suite started-at="2023-01-02T11:18:24 IST" name="Default suite" finished-at="2023-01-02T11:18:29 IST" duration-ms="5780">
    <groups>
    </groups>
    <test started-at="2023-01-02T11:18:24 IST" name="Default test" finished-at="2023-01-02T11:18:29 IST" duration-ms="5780">
      <class name="gmailLogIn.OHRMLogin">
        <test-method signature="setUp()[pri:0, instance:gmailLogIn.OHRMLogin@10959ece]" started-at="2023-01-02T11:18:24 IST" name="setUp" finished-at="2023-01-02T11:18:29 IST" duration-ms="5711" status="PASS">
          <reporter-output>
          </reporter-output>
        </test-method> <!-- setUp -->
      </class> <!-- gmailLogIn.OHRMLogin -->
    </test> <!-- Default test -->
  </suite> <!-- Default suite -->
</testng-results>
