<?xml version="1.0" encoding="UTF-8"?>
<testng-results ignored="0" total="1" passed="1" failed="0" skipped="0">
  <reporter-output>
  </reporter-output>
  <suite started-at="2022-12-30T20:49:27 IST" name="Default suite" finished-at="2022-12-30T20:49:27 IST" duration-ms="166">
    <groups>
    </groups>
    <test started-at="2022-12-30T20:49:27 IST" name="Default test" finished-at="2022-12-30T20:49:27 IST" duration-ms="166">
      <class name="orangeHRMApplication.OrangeHRMLogInPage">
        <test-method signature="setUp()[pri:0, instance:orangeHRMApplication.OrangeHRMLogInPage@550ee7e5]" started-at="2022-12-30T20:49:27 IST" name="setUp" finished-at="2022-12-30T20:49:27 IST" duration-ms="113" status="PASS">
          <reporter-output>
          </reporter-output>
        </test-method> <!-- setUp -->
      </class> <!-- orangeHRMApplication.OrangeHRMLogInPage -->
    </test> <!-- Default test -->
  </suite> <!-- Default suite -->
</testng-results>
